<?xml version="1.0" encoding="UTF-8"?>
<testng-results ignored="0" total="1" passed="1" failed="0" skipped="0">
  <reporter-output>
  </reporter-output>
  <suite started-at="2024-08-25T22:07:36 CDT" name="Default suite" finished-at="2024-08-25T22:08:41 CDT" duration-ms="64322">
    <groups>
    </groups>
    <test started-at="2024-08-25T22:07:36 CDT" name="Default test" finished-at="2024-08-25T22:08:41 CDT" duration-ms="64322">
      <class name="test.AddCustomerTest">
        <test-method signature="userShouldBeAbleToCreateNewCustomer()[pri:0, instance:test.AddCustomerTest@4b672daa]" started-at="2024-08-25T22:07:36 CDT" name="userShouldBeAbleToCreateNewCustomer" finished-at="2024-08-25T22:08:41 CDT" duration-ms="64300" status="PASS">
          <reporter-output>
          </reporter-output>
        </test-method> <!-- userShouldBeAbleToCreateNewCustomer -->
      </class> <!-- test.AddCustomerTest -->
    </test> <!-- Default test -->
  </suite> <!-- Default suite -->
</testng-results>
